============================= test session starts ==============================
platform darwin -- Python 3.14.5, pytest-8.4.1, pluggy-1.6.0 -- /private/tmp/hdd-20260909-1730-venvs/py841/bin/python3.14
cachedir: .pytest_cache
rootdir: /Users/annenpolka/ghq/github.com/annenpolka/brrr/lab-runs/specimen-hdd-20260909-1730/host-verify/pytest-14841
collecting ... collected 10 items

test_demo.py::test_run_mp_test[pre-import-pass] PASSED                   [ 25%]
test_demo.py::test_run_mp_test[pre-import-fail] PASSED                   [ 50%]
test_demo.py::test_run_mp_test[deferred-import-pass] PASSED              [ 75%]
test_demo.py::test_run_mp_test[deferred-import-fail] FAILED              [100%]

=================================== FAILURES ===================================
____________________ test_run_mp_test[deferred-import-fail] ____________________
test_demo.py:112: in test_run_mp_test
    assert 'resource_tracker' not in proc.stderr
E   assert 'resource_tracker' not in "Traceback (...-xqv6z4gv'\n"
E     
E     'resource_tracker' is contained here:
E       Traceback (most recent call last):
E         File "/opt/homebrew/Cellar/python@3.14/3.14.5/Frameworks/Python.framework/Versions/3.14/lib/python3.14/multiprocessing/resource_tracker.py", line 453, in main
E     ?                                                                                                                          ++++++++++++++++
E           cache[rtype].remove(name)
E           ~~~~~~~~~~~~~~~~~~~^^^^^^...
E     
E     ...Full output truncated (26 lines hidden), use '-vv' to show
----------------------------- Captured stdout call -----------------------------
Command stdout:
  ============================= test session starts ==============================
  platform darwin -- Python 3.14.5, pytest-8.4.1, pluggy-1.6.0
  rootdir: /Users/annenpolka/ghq/github.com/annenpolka/brrr/lab-runs/specimen-hdd-20260909-1730/host-verify/pytest-14841
  collected 10 items / 9 deselected / 1 selected

  test_demo.py .                                                           [100%]

  ======================= 1 passed, 9 deselected in 0.11s ========================

Command stderr:
  Traceback (most recent call last):
    File "/opt/homebrew/Cellar/python@3.14/3.14.5/Frameworks/Python.framework/Versions/3.14/lib/python3.14/multiprocessing/resource_tracker.py", line 453, in main
      cache[rtype].remove(name)
      ~~~~~~~~~~~~~~~~~~~^^^^^^
  KeyError: '/mp-64d5w56_'
  Traceback (most recent call last):
    File "/opt/homebrew/Cellar/python@3.14/3.14.5/Frameworks/Python.framework/Versions/3.14/lib/python3.14/multiprocessing/resource_tracker.py", line 453, in main
      cache[rtype].remove(name)
      ~~~~~~~~~~~~~~~~~~~^^^^^^
  KeyError: '/mp-_s0tzt8t'
  Traceback (most recent call last):
    File "/opt/homebrew/Cellar/python@3.14/3.14.5/Frameworks/Python.framework/Versions/3.14/lib/python3.14/multiprocessing/resource_tracker.py", line 453, in main
      cache[rtype].remove(name)
      ~~~~~~~~~~~~~~~~~~~^^^^^^
  KeyError: '/mp-5mw4xah4'
  Traceback (most recent call last):
    File "/opt/homebrew/Cellar/python@3.14/3.14.5/Frameworks/Python.framework/Versions/3.14/lib/python3.14/multiprocessing/resource_tracker.py", line 453, in main
      cache[rtype].remove(name)
      ~~~~~~~~~~~~~~~~~~~^^^^^^
  KeyError: '/mp-wq3dv78a'
  Traceback (most recent call last):
    File "/opt/homebrew/Cellar/python@3.14/3.14.5/Frameworks/Python.framework/Versions/3.14/lib/python3.14/multiprocessing/resource_tracker.py", line 453, in main
      cache[rtype].remove(name)
      ~~~~~~~~~~~~~~~~~~~^^^^^^
  KeyError: '/mp-nhw7ejzj'
  Traceback (most recent call last):
    File "/opt/homebrew/Cellar/python@3.14/3.14.5/Frameworks/Python.framework/Versions/3.14/lib/python3.14/multiprocessing/resource_tracker.py", line 453, in main
      cache[rtype].remove(name)
      ~~~~~~~~~~~~~~~~~~~^^^^^^
  KeyError: '/mp-xqv6z4gv'

=========================== short test summary info ============================
FAILED test_demo.py::test_run_mp_test[deferred-import-fail] - assert 'resourc...
========================= 1 failed, 3 passed in 1.06s ==========================
