============================= test session starts ==============================
platform darwin -- Python 3.14.5, pytest-8.4.1, pluggy-1.6.0
rootdir: /Users/annenpolka/ghq/github.com/annenpolka/brrr/lab-runs/specimen-hdd-20260909-1730/host-verify/pytest-14448
collected 2 items

test_rewrite.py FF                                                       [100%]

=================================== FAILURES ===================================
________________________________ test_subscript ________________________________
test_rewrite.py:2: in test_subscript
    assert {'a': 1, 'b': 2}['a'] == 99
E   assert 1 == 99
__________________________________ test_ifexp __________________________________
test_rewrite.py:6: in test_ifexp
    assert (0 if True else 1) == 99
E   assert 0 == 99
=========================== short test summary info ============================
FAILED test_rewrite.py::test_subscript - assert 1 == 99
FAILED test_rewrite.py::test_ifexp - assert 0 == 99
============================== 2 failed in 0.01s ===============================
