============================= test session starts ==============================
platform darwin -- Python 3.14.5, pytest-9.1.1, pluggy-1.6.0 -- /private/tmp/hdd-20260909-1730-venvs/py911/bin/python3.14
cachedir: .pytest_cache
rootdir: /Users/annenpolka/ghq/github.com/annenpolka/brrr/lab-runs/specimen-hdd-20260909-1730/host-verify/pytest-14412
configfile: pyproject.toml
collecting ... collected 1 item

test_subtests.py::Test::test_subtests SUBPASSED(i=0)                    94.54us
test_subtests.py::Test::test_subtests SUBPASSED(i=1)                    0.000us
test_subtests.py::Test::test_subtests SUBPASSED(i=2)                    0.000us
test_subtests.py::Test::test_subtests PASSED                            0.000us

===================== 1 passed, 3 subtests passed in 0.16s =====================
