============================= test session starts ==============================
platform darwin -- Python 3.14.5, pytest-9.1.1, pluggy-1.6.0 -- /private/tmp/hdd-20260909-1730-venvs/py911/bin/python3.14
rootdir: /Users/annenpolka/ghq/github.com/annenpolka/brrr/lab-runs/specimen-hdd-20260909-1730/host-verify/pytest-13784
collecting ... collected 1 item

test.py::test_dummy_test_with_traceback Hello world stdout
PASSED

============================== 1 passed in 0.00s ===============================
